20130402%:00:26:33-[INFO]-###############################
20130402%:00:26:33-[INFO]-Starting visa_auto.py w/ arguments: {'monthday': '201303', 'option': '4', 'dataset': 'bluecoat'}
20130402%:00:26:33-[INFO]-Starting Step 4 - Create External Table!
20130402%:00:26:33-[INFO]-Step 4 Complete!
20130402%:00:26:33-[INFO]-Script Complete!
20130402%:00:26:33-[INFO]-###############################
20130402%:00:28:30-[INFO]-###############################
20130402%:00:28:30-[INFO]-Starting visa_auto.py w/ arguments: {'monthday': '201303', 'option': '4', 'dataset': 'bluecoat'}
20130402%:00:28:30-[INFO]-Starting Step 4 - Create External Table!
20130402%:00:28:30-[INFO]-Step 4 Complete!
20130402%:00:28:30-[INFO]-Script Complete!
20130402%:00:28:30-[INFO]-###############################
20130402%:00:41:35-[INFO]-###############################
20130402%:00:41:35-[INFO]-Starting visa_auto.py w/ arguments: {'monthday': '201303', 'option': '5', 'dataset': 'bluecoat'}
20130402%:00:41:35-[INFO]-Starting Step 5 - Load GPDB!
20130402%:00:41:43-[INFO]-Script Complete!
20130402%:00:41:43-[INFO]-###############################
20130402%:01:02:25-[INFO]-###############################
20130402%:01:02:25-[INFO]-Starting visa_auto.py w/ arguments: {'monthday': '201303', 'option': '4', 'dataset': 'bluecoat'}
20130402%:01:02:25-[INFO]-Starting Step 4 - Create External Table!
20130402%:01:02:25-[INFO]-Step 4 Complete!
20130402%:01:02:25-[INFO]-Script Complete!
20130402%:01:02:25-[INFO]-###############################
20130402%:01:22:27-[INFO]-###############################
20130402%:01:22:27-[INFO]-Starting visa_auto.py w/ arguments: {'monthday': '201303', 'option': '4', 'dataset': 'bluecoat'}
20130402%:01:22:27-[INFO]-Starting Step 4 - Create External Table!
20130402%:01:22:27-[INFO]-Step 4 Complete!
20130402%:01:22:27-[INFO]-Script Complete!
20130402%:01:22:27-[INFO]-###############################
20130402%:01:24:53-[INFO]-###############################
20130402%:01:24:53-[INFO]-Starting visa_auto.py w/ arguments: {'monthday': '201303', 'option': '5', 'dataset': 'bluecoat'}
20130402%:01:24:53-[INFO]-Starting Step 5 - Load GPDB!
20130402%:01:28:18-[INFO]-Script Complete!
20130402%:01:28:18-[INFO]-###############################
20130402%:12:51:13-[INFO]-###############################
20130402%:12:51:13-[INFO]-Starting visa_auto.py w/ arguments: {'monthday': '201302', 'option': '3', 'dataset': 'bluecoat'}
20130402%:12:51:13-[INFO]-Starting Step 3 Run Map/Reduce Jobs!
20130402%:12:51:13-[INFO]-Step 3 Complete!
20130402%:12:51:13-[INFO]-Script Complete!
20130402%:12:51:13-[INFO]-###############################
20130402%:14:18:18-[INFO]-###############################
20130402%:14:18:18-[INFO]-Starting visa_auto.py w/ arguments: {'monthday': '201302', 'option': '4', 'dataset': 'bluecoat'}
20130402%:14:18:18-[INFO]-Starting Step 4 - Create External Table!
20130402%:14:18:18-[INFO]-Step 4 Complete!
20130402%:14:18:18-[INFO]-Script Complete!
20130402%:14:18:18-[INFO]-###############################
20130402%:14:30:01-[INFO]-###############################
20130402%:14:30:01-[INFO]-Starting visa_auto.py w/ arguments: {'monthday': '201302', 'option': '5', 'dataset': 'bluecoat'}
20130402%:14:30:01-[INFO]-Starting Step 5 - Load GPDB!
20130402%:14:36:35-[INFO]-Script Complete!
20130402%:14:36:35-[INFO]-###############################
20130402%:14:54:42-[INFO]-###############################
20130402%:14:54:42-[INFO]-Starting visa_auto.py w/ arguments: {'monthday': '201301', 'option': '3', 'dataset': 'bluecoat'}
20130402%:14:54:42-[INFO]-Starting Step 3 Run Map/Reduce Jobs!
20130402%:14:54:42-[INFO]-Step 3 Complete!
20130402%:14:54:42-[INFO]-Script Complete!
20130402%:14:54:42-[INFO]-###############################
20130402%:15:47:44-[INFO]-###############################
20130402%:15:47:44-[INFO]-Starting visa_auto.py w/ arguments: {'monthday': '201301', 'option': '4', 'dataset': 'bluecoat'}
20130402%:15:47:44-[INFO]-Starting Step 4 - Create External Table!
20130402%:15:47:45-[INFO]-Step 4 Complete!
20130402%:15:47:45-[INFO]-Script Complete!
20130402%:15:47:45-[INFO]-###############################
20130402%:15:48:10-[INFO]-###############################
20130402%:15:48:10-[INFO]-Starting visa_auto.py w/ arguments: {'monthday': '201301', 'option': '5', 'dataset': 'bluecoat'}
20130402%:15:48:10-[INFO]-Starting Step 5 - Load GPDB!
20130402%:15:48:23-[INFO]-Script Complete!
20130402%:15:48:23-[INFO]-###############################
